<?xml version="1.0" encoding="UTF-8"?>
<!-- Generated by org.testng.reporters.JUnitReportReporter -->
<testsuite hostname="DESKTOP-LOP61V2" failures="0" tests="5" name="Tests.WeatherTest" time="55.294" errors="0" timestamp="2024-05-01T22:13:27 IST" skipped="0">
  <testcase classname="Tests.WeatherTest" name="testSearchFunctionality" time="10.898"/>
  <system-out/>
  <testcase classname="Tests.WeatherTest" name="testWeatherDetailsVerification" time="10.575"/>
  <system-out/>
  <testcase classname="Tests.WeatherTest" name="testWeatherInYourCitySection" time="13.415"/>
  <system-out/>
  <testcase classname="Tests.WeatherTest" name="testInvalidCityName" time="11.874"/>
  <system-out/>
  <testcase classname="Tests.WeatherTest" name="testMapsSection" time="8.532"/>
  <system-out/>
</testsuite> <!-- Tests.WeatherTest -->
